<?xml version="1.0" encoding="UTF-8"?>
<!-- Generated by org.testng.reporters.JUnitReportReporter -->
<testsuite hostname="DESKTOP-RSQ50CG" failures="0" tests="1" name="QAclass.A2_MouseOverActions" time="6.426" errors="0" timestamp="2022-04-19T17:14:50 IST" skipped="0">
  <testcase classname="QAclass.A2_MouseOverActions" name="MouseOver" time="6.426"/>
  <system-out/>
</testsuite> <!-- QAclass.A2_MouseOverActions -->
