<?xml version="1.0" encoding="UTF-8"?>
<!-- Generated by org.testng.reporters.JUnitReportReporter -->
<testsuite hostname="DESKTOP-RSQ50CG" failures="0" tests="1" name="QAclass.A1_Alerts" time="3.209" errors="0" timestamp="2022-04-19T16:30:59 IST" skipped="0">
  <testcase classname="QAclass.A1_Alerts" name="handlingalerts" time="3.209"/>
  <system-out/>
</testsuite> <!-- QAclass.A1_Alerts -->
