<?xml version="1.0" encoding="UTF-8"?>
<!-- Generated by org.testng.reporters.JUnitReportReporter -->
<testsuite hostname="DESKTOP-RSQ50CG" failures="0" tests="1" name="QAclass.A8_Boolean_Oneway" time="0.374" errors="0" timestamp="2022-04-25T14:54:54 IST" skipped="0">
  <testcase classname="QAclass.A8_Boolean_Oneway" name="optionss" time="0.374"/>
  <system-out/>
</testsuite> <!-- QAclass.A8_Boolean_Oneway -->
