<?xml version="1.0" encoding="UTF-8"?>
<!-- Generated by org.testng.reporters.JUnitReportReporter -->
<testsuite hostname="DESKTOP-RSQ50CG" failures="0" tests="1" name="QAclass.A6_Firstselectedoption" time="0.512" errors="0" timestamp="2022-04-24T12:00:50 IST" skipped="0">
  <testcase classname="QAclass.A6_Firstselectedoption" name="optionss" time="0.512"/>
  <system-out/>
</testsuite> <!-- QAclass.A6_Firstselectedoption -->
