<?xml version="1.0" encoding="UTF-8"?>
<!-- Generated by org.testng.reporters.JUnitReportReporter -->
<testsuite hostname="DESKTOP-RSQ50CG" failures="0" tests="1" name="QAclass.B11_Array" time="14.831" errors="0" timestamp="2022-04-27T13:38:01 IST" skipped="0">
  <testcase classname="QAclass.B11_Array" name="fun" time="14.831"/>
  <system-out/>
</testsuite> <!-- QAclass.B11_Array -->
