<?xml version="1.0" encoding="UTF-8"?>
<!-- Generated by org.testng.reporters.JUnitReportReporter -->
<testsuite hostname="DESKTOP-RSQ50CG" failures="0" tests="1" name="BHighlevelBases.B17_Ajaxcontrol" time="16.722" errors="0" timestamp="2022-04-29T16:07:58 IST" skipped="0">
  <testcase classname="BHighlevelBases.B17_Ajaxcontrol" name="clickable" time="16.722"/>
  <system-out/>
</testsuite> <!-- BHighlevelBases.B17_Ajaxcontrol -->
