<?xml version="1.0" encoding="UTF-8"?>
<!-- Generated by org.testng.reporters.JUnitReportReporter -->
<testsuite hostname="DESKTOP-RSQ50CG" failures="0" tests="1" name="QAclass.A7_INR_optionsvalidation" time="1.424" errors="0" timestamp="2022-04-24T12:42:24 IST" skipped="0">
  <testcase classname="QAclass.A7_INR_optionsvalidation" name="optionss" time="1.424"/>
  <system-out/>
</testsuite> <!-- QAclass.A7_INR_optionsvalidation -->
