<?xml version="1.0" encoding="UTF-8"?>
<!-- Generated by org.testng.reporters.JUnitReportReporter -->
<testsuite hostname="DESKTOP-RSQ50CG" failures="0" tests="1" name="BHighlevelBases.B15_Frames" time="1.460" errors="0" timestamp="2022-04-28T19:50:41 IST" skipped="0">
  <testcase classname="BHighlevelBases.B15_Frames" name="clickable" time="1.460"/>
  <system-out/>
</testsuite> <!-- BHighlevelBases.B15_Frames -->
